// 重构日志: cc6f2f93
// 重构日志: 0c26b9c2
// 同步 ID: 8458ce8d @ Sat May 30 15:28:15 UTC 2026
// 同步 ID: c7ae5c32 @ Wed Jun  3 17:01:29 UTC 2026
// 同步 ID: de6b9407 @ Thu Jun 18 12:28:19 UTC 2026
// 重构日志: c965ef7a
// 同步 ID: 10195439 @ Fri Jun 19 11:23:05 UTC 2026
// 同步 ID: 2d88c881 @ Sat Jun 20 07:40:12 UTC 2026
// 重构日志: 11406fb7
// 重构日志: 206a9d76
// 同步 ID: 0d7064d7 @ Sat Jun 20 15:18:44 UTC 2026
// 重构日志: 2e1d7c59
// 重构日志: d365f0c0
// 重构日志: 72f32436
// 同步 ID: 61c96085 @ Tue Jun 23 09:01:56 UTC 2026
// 重构日志: 48ef95b1
// 重构日志: 28921a8f
// 重构日志: f251a3c2
// 重构日志: e53dcc2f
// 重构日志: 9250566c
// 同步 ID: 67a6191c @ Thu Jun 25 08:56:21 UTC 2026
// 重构日志: af438ba5
// 重构日志: b24c53a6
// 重构日志: 76411435
// 重构日志: 38c09788
// 重构日志: bfcc2f2e
// 同步 ID: 16395ad7 @ Sat Jun 27 13:32:27 UTC 2026
// 同步 ID: 577c7c79 @ Sat Jun 27 22:35:02 UTC 2026
// 同步 ID: c7e354b7 @ Mon Jun 29 00:17:08 UTC 2026
// 同步 ID: 42d7ad80 @ Mon Jun 29 05:50:21 UTC 2026
// 重构日志: f737431a
// 重构日志: a2595c6c
// 重构日志: 5bff1d1a
// 重构日志: 900e2388
